<?xml version="1.0" encoding="UTF-8"?>
<testng-results ignored="0" total="1" passed="1" failed="0" skipped="0">
  <reporter-output>
  </reporter-output>
  <suite started-at="2023-10-11T15:37:53 IST" name="Default suite" finished-at="2023-10-11T15:38:30 IST" duration-ms="37446">
    <groups>
    </groups>
    <test started-at="2023-10-11T15:37:53 IST" name="Default test" finished-at="2023-10-11T15:38:30 IST" duration-ms="37446">
      <class name="Script.TestCase2">
        <test-method is-config="true" signature="openApp()[pri:0, instance:Script.TestCase2@3270d194]" started-at="2023-10-11T15:37:53 IST" name="openApp" finished-at="2023-10-11T15:38:23 IST" duration-ms="29777" status="PASS">
          <reporter-output>
          </reporter-output>
        </test-method> <!-- openApp -->
        <test-method signature="tc2()[pri:0, instance:Script.TestCase2@3270d194]" started-at="2023-10-11T15:38:23 IST" name="tc2" finished-at="2023-10-11T15:38:30 IST" duration-ms="7107" status="PASS">
          <reporter-output>
          </reporter-output>
        </test-method> <!-- tc2 -->
        <test-method is-config="true" signature="closeApp(org.testng.ITestResult)[pri:0, instance:Script.TestCase2@3270d194]" started-at="2023-10-11T15:38:30 IST" name="closeApp" finished-at="2023-10-11T15:38:30 IST" duration-ms="474" status="PASS">
          <params>
            <param index="0">
              <value>
                <![CDATA[[TestResult name=tc2 status=SUCCESS method=TestCase2.tc2()[pri:0, instance:Script.TestCase2@3270d194] output={null}]]]>
              </value>
            </param>
          </params>
          <reporter-output>
          </reporter-output>
        </test-method> <!-- closeApp -->
      </class> <!-- Script.TestCase2 -->
    </test> <!-- Default test -->
  </suite> <!-- Default suite -->
</testng-results>
